

*******************************************************************************
Sat Apr 23 22:28:47 2022


FIT:    data read from 'salida_Ej2a_MB.dat'
        format = z
        x range restricted to [0.00000 : 10000.0]
        #datapoints = 25
        residuals are weighted equally (unit weight)

function used for fitting: f(x)
	f(x)=a0*x*x+a1*x+a2
fitted parameters initialized with current variable values

iter      chisq       delta/lim  lambda   a0            a1            a2           
   0 4.5648676666e+16   0.00e+00  2.47e+07    1.000000e+00   1.000000e+00   1.000000e+00
  11 3.5477940415e-03  -6.14e-04  2.47e-04    1.869821e-08  -1.012125e-06   2.209197e-03

After 11 iterations the fit converged.
final sum of squares of residuals : 0.00354779
rel. change during last iteration : -6.14192e-09

degrees of freedom    (FIT_NDF)                        : 22
rms of residuals      (FIT_STDFIT) = sqrt(WSSR/ndf)    : 0.012699
variance of residuals (reduced chisquare) = WSSR/ndf   : 0.000161263

Final set of parameters            Asymptotic Standard Error
=======================            ==========================
a0              = 1.86982e-08      +/- 3.491e-10    (1.867%)
a1              = -1.01213e-06     +/- 3.502e-06    (346%)
a2              = 0.0022092        +/- 0.007343     (332.4%)

correlation matrix of the fit parameters:
                a0     a1     a2     
a0              1.000 
a1             -0.967  1.000 
a2              0.731 -0.857  1.000 


*******************************************************************************
Sat Apr 23 22:31:51 2022


FIT:    data read from 'salida2b_mb.dat'
        format = z
        x range restricted to [0.00000 : 10000.0]
        #datapoints = 25
        residuals are weighted equally (unit weight)

function used for fitting: f(x)
	f(x)=a3*x*x+a4*x+a5
fitted parameters initialized with current variable values

iter      chisq       delta/lim  lambda   a3            a4            a5           
   0 4.5648673919e+16   0.00e+00  2.47e+07    1.000000e+00   1.000000e+00   1.000000e+00
  11 5.2859777072e-03  -4.06e-04  2.47e-04    4.967511e-08  -9.036385e-06   1.021954e-02

After 11 iterations the fit converged.
final sum of squares of residuals : 0.00528598
rel. change during last iteration : -4.05633e-09

degrees of freedom    (FIT_NDF)                        : 22
rms of residuals      (FIT_STDFIT) = sqrt(WSSR/ndf)    : 0.0155007
variance of residuals (reduced chisquare) = WSSR/ndf   : 0.000240272

Final set of parameters            Asymptotic Standard Error
=======================            ==========================
a3              = 4.96751e-08      +/- 4.261e-10    (0.8577%)
a4              = -9.03639e-06     +/- 4.275e-06    (47.31%)
a5              = 0.0102195        +/- 0.008963     (87.71%)

correlation matrix of the fit parameters:
                a3     a4     a5     
a3              1.000 
a4             -0.967  1.000 
a5              0.731 -0.857  1.000 


*******************************************************************************
Sat Apr 23 22:32:27 2022


FIT:    data read from 'salida2b_mb.dat'
        format = z
        x range restricted to [0.00000 : 10000.0]
        #datapoints = 25
        residuals are weighted equally (unit weight)

function used for fitting: f(x)
	f(x)=a3*x*x+a4*x+a5
fitted parameters initialized with current variable values

iter      chisq       delta/lim  lambda   a3            a4            a5           
   0 5.2859777072e-03   0.00e+00  1.23e+00    4.967511e-08  -9.036385e-06   1.021954e-02
   1 5.2859777072e-03  -8.20e-11  1.23e+00    4.967511e-08  -9.036385e-06   1.021954e-02

After 1 iterations the fit converged.
final sum of squares of residuals : 0.00528598
rel. change during last iteration : -8.20436e-16

degrees of freedom    (FIT_NDF)                        : 22
rms of residuals      (FIT_STDFIT) = sqrt(WSSR/ndf)    : 0.0155007
variance of residuals (reduced chisquare) = WSSR/ndf   : 0.000240272

Final set of parameters            Asymptotic Standard Error
=======================            ==========================
a3              = 4.96751e-08      +/- 4.261e-10    (0.8577%)
a4              = -9.03639e-06     +/- 4.275e-06    (47.31%)
a5              = 0.0102195        +/- 0.008963     (87.71%)

correlation matrix of the fit parameters:
                a3     a4     a5     
a3              1.000 
a4             -0.967  1.000 
a5              0.731 -0.857  1.000 


*******************************************************************************
Sat Apr 23 22:35:57 2022


FIT:    data read from 'salida_Ej2a_MB.dat'
        format = z
        x range restricted to [0.00000 : 10000.0]
        #datapoints = 25
        residuals are weighted equally (unit weight)

function used for fitting: f(x)
	f(x) = a0*x*x+a1*x+a2
fitted parameters initialized with current variable values

iter      chisq       delta/lim  lambda   a0            a1            a2           
   0 4.5648676666e+16   0.00e+00  2.47e+07    1.000000e+00   1.000000e+00   1.000000e+00
  11 3.5477940415e-03  -6.14e-04  2.47e-04    1.869821e-08  -1.012125e-06   2.209197e-03

After 11 iterations the fit converged.
final sum of squares of residuals : 0.00354779
rel. change during last iteration : -6.14192e-09

degrees of freedom    (FIT_NDF)                        : 22
rms of residuals      (FIT_STDFIT) = sqrt(WSSR/ndf)    : 0.012699
variance of residuals (reduced chisquare) = WSSR/ndf   : 0.000161263

Final set of parameters            Asymptotic Standard Error
=======================            ==========================
a0              = 1.86982e-08      +/- 3.491e-10    (1.867%)
a1              = -1.01213e-06     +/- 3.502e-06    (346%)
a2              = 0.0022092        +/- 0.007343     (332.4%)

correlation matrix of the fit parameters:
                a0     a1     a2     
a0              1.000 
a1             -0.967  1.000 
a2              0.731 -0.857  1.000 


*******************************************************************************
Sat Apr 23 22:36:55 2022


FIT:    data read from 'salida2b_mb.dat'
        format = z
        x range restricted to [0.00000 : 10000.0]
        #datapoints = 25
        residuals are weighted equally (unit weight)

function used for fitting: g(x)
	g(x)=b0*x*x+b1*x+b2
fitted parameters initialized with current variable values

iter      chisq       delta/lim  lambda   b0            b1            b2           
   0 4.5648673919e+16   0.00e+00  2.47e+07    1.000000e+00   1.000000e+00   1.000000e+00
  11 5.2859777072e-03  -4.06e-04  2.47e-04    4.967511e-08  -9.036385e-06   1.021954e-02

After 11 iterations the fit converged.
final sum of squares of residuals : 0.00528598
rel. change during last iteration : -4.05633e-09

degrees of freedom    (FIT_NDF)                        : 22
rms of residuals      (FIT_STDFIT) = sqrt(WSSR/ndf)    : 0.0155007
variance of residuals (reduced chisquare) = WSSR/ndf   : 0.000240272

Final set of parameters            Asymptotic Standard Error
=======================            ==========================
b0              = 4.96751e-08      +/- 4.261e-10    (0.8577%)
b1              = -9.03639e-06     +/- 4.275e-06    (47.31%)
b2              = 0.0102195        +/- 0.008963     (87.71%)

correlation matrix of the fit parameters:
                b0     b1     b2     
b0              1.000 
b1             -0.967  1.000 
b2              0.731 -0.857  1.000 


*******************************************************************************
Sat Apr 23 22:46:14 2022


FIT:    data read from 'salida_Ej2a_MB.dat'
        format = z
        x range restricted to [0.00000 : 10000.0]
        #datapoints = 25
        residuals are weighted equally (unit weight)

function used for fitting: f(x)
	f(x) = a0*x*x+a1*x+a2
fitted parameters initialized with current variable values

iter      chisq       delta/lim  lambda   a0            a1            a2           
   0 4.5648676666e+16   0.00e+00  2.47e+07    1.000000e+00   1.000000e+00   1.000000e+00
  11 3.5477940415e-03  -6.14e-04  2.47e-04    1.869821e-08  -1.012125e-06   2.209197e-03

After 11 iterations the fit converged.
final sum of squares of residuals : 0.00354779
rel. change during last iteration : -6.14192e-09

degrees of freedom    (FIT_NDF)                        : 22
rms of residuals      (FIT_STDFIT) = sqrt(WSSR/ndf)    : 0.012699
variance of residuals (reduced chisquare) = WSSR/ndf   : 0.000161263

Final set of parameters            Asymptotic Standard Error
=======================            ==========================
a0              = 1.86982e-08      +/- 3.491e-10    (1.867%)
a1              = -1.01213e-06     +/- 3.502e-06    (346%)
a2              = 0.0022092        +/- 0.007343     (332.4%)

correlation matrix of the fit parameters:
                a0     a1     a2     
a0              1.000 
a1             -0.967  1.000 
a2              0.731 -0.857  1.000 


*******************************************************************************
Sat Apr 23 22:49:20 2022


FIT:    data read from 'salida2b_mb.dat'
        format = z
        x range restricted to [0.00000 : 10000.0]
        #datapoints = 25
        residuals are weighted equally (unit weight)

function used for fitting: f(x)
	f(x) = a0*x*x+a1*x+a2
fitted parameters initialized with current variable values

iter      chisq       delta/lim  lambda   a0            a1            a2           
   0 4.5648673919e+16   0.00e+00  2.47e+07    1.000000e+00   1.000000e+00   1.000000e+00
  11 5.2859777072e-03  -4.06e-04  2.47e-04    4.967511e-08  -9.036385e-06   1.021954e-02

After 11 iterations the fit converged.
final sum of squares of residuals : 0.00528598
rel. change during last iteration : -4.05633e-09

degrees of freedom    (FIT_NDF)                        : 22
rms of residuals      (FIT_STDFIT) = sqrt(WSSR/ndf)    : 0.0155007
variance of residuals (reduced chisquare) = WSSR/ndf   : 0.000240272

Final set of parameters            Asymptotic Standard Error
=======================            ==========================
a0              = 4.96751e-08      +/- 4.261e-10    (0.8577%)
a1              = -9.03639e-06     +/- 4.275e-06    (47.31%)
a2              = 0.0102195        +/- 0.008963     (87.71%)

correlation matrix of the fit parameters:
                a0     a1     a2     
a0              1.000 
a1             -0.967  1.000 
a2              0.731 -0.857  1.000 


*******************************************************************************
Sun Apr 24 00:00:59 2022


FIT:    data read from 'salida_Ej2a_MB.dat'
        format = z
        #datapoints = 25
        residuals are weighted equally (unit weight)

function used for fitting: f(x)
	f(x) = a3*x*x*x+a0*x*x+a1*x+a2
fitted parameters initialized with current variable values

iter      chisq       delta/lim  lambda   a0            a1            a2            a3           
   0 3.1280384467e+24   0.00e+00  1.77e+11    1.000000e+00   1.000000e+00   1.000000e+00   1.000000e+00
  15 3.5067179884e-03  -1.87e-04  1.77e-04    1.766918e-08   2.945323e-06  -8.420001e-04   7.069511e-14

After 15 iterations the fit converged.
final sum of squares of residuals : 0.00350672
rel. change during last iteration : -1.86539e-09

degrees of freedom    (FIT_NDF)                        : 21
rms of residuals      (FIT_STDFIT) = sqrt(WSSR/ndf)    : 0.0129223
variance of residuals (reduced chisquare) = WSSR/ndf   : 0.000166987

Final set of parameters            Asymptotic Standard Error
=======================            ==========================
a0              = 1.76692e-08      +/- 2.105e-09    (11.91%)
a1              = 2.94532e-06      +/- 8.739e-06    (296.7%)
a2              = -0.000842        +/- 0.009679     (1150%)
a3              = 7.06951e-14      +/- 1.425e-13    (201.6%)

correlation matrix of the fit parameters:
                a0     a1     a2     a3     
a0              1.000 
a1             -0.967  1.000 
a2              0.722 -0.850  1.000 
a3             -0.986  0.913 -0.636  1.000 


*******************************************************************************
Sun Apr 24 00:05:04 2022


FIT:    data read from 'salida2b_mb.dat'
        format = z
        #datapoints = 25
        residuals are weighted equally (unit weight)

function used for fitting: f(x)
fitted parameters initialized with current variable values



*******************************************************************************
Sun Apr 24 00:05:13 2022


FIT:    data read from 'salida2b_mb.dat'
        format = z
        #datapoints = 25
        residuals are weighted equally (unit weight)

function used for fitting: g(x)
	g(x)=b0*x*x*x+b1*x*x+b2*x+b3
fitted parameters initialized with current variable values



*******************************************************************************
Sun Apr 24 00:05:19 2022


FIT:    data read from 'salida2b_mb.dat'
        format = z
        #datapoints = 25
        residuals are weighted equally (unit weight)

function used for fitting: g(x)
	g(x)=b0*x*x*x+b1*x*x+b2*x+b3
fitted parameters initialized with current variable values

iter      chisq       delta/lim  lambda   b0            b1            b2            b3           
   0 3.1280384467e+24   0.00e+00  1.77e+11    1.000000e+00   1.000000e+00   1.000000e+00   1.000000e+00
  15 5.2853919129e-03  -1.21e-04  1.77e-04   -8.442433e-15   4.979800e-08  -9.508985e-06   1.058392e-02

After 15 iterations the fit converged.
final sum of squares of residuals : 0.00528539
rel. change during last iteration : -1.20954e-09

degrees of freedom    (FIT_NDF)                        : 21
rms of residuals      (FIT_STDFIT) = sqrt(WSSR/ndf)    : 0.0158646
variance of residuals (reduced chisquare) = WSSR/ndf   : 0.000251685

Final set of parameters            Asymptotic Standard Error
=======================            ==========================
b0              = -8.44243e-15     +/- 1.75e-13     (2073%)
b1              = 4.9798e-08       +/- 2.584e-09    (5.19%)
b2              = -9.50898e-06     +/- 1.073e-05    (112.8%)
b3              = 0.0105839        +/- 0.01188      (112.3%)

correlation matrix of the fit parameters:
                b0     b1     b2     b3     
b0              1.000 
b1             -0.986  1.000 
b2              0.913 -0.967  1.000 
b3             -0.636  0.722 -0.850  1.000 


*******************************************************************************
Sun Apr 24 00:05:27 2022


FIT:    data read from 'salida2b_mb.dat'
        format = z
        #datapoints = 25
        residuals are weighted equally (unit weight)

function used for fitting: g(x)
	g(x)=b0*x*x*x+b1*x*x+b2*x+b3
fitted parameters initialized with current variable values

iter      chisq       delta/lim  lambda   b0            b1            b2            b3           
   0 5.2853919129e-03   0.00e+00  1.06e+00   -8.442433e-15   4.979800e-08  -9.508985e-06   1.058392e-02
   1 5.2853919129e-03   0.00e+00  1.06e+01   -8.442433e-15   4.979800e-08  -9.508985e-06   1.058392e-02

After 1 iterations the fit converged.
final sum of squares of residuals : 0.00528539
rel. change during last iteration : 0

degrees of freedom    (FIT_NDF)                        : 21
rms of residuals      (FIT_STDFIT) = sqrt(WSSR/ndf)    : 0.0158646
variance of residuals (reduced chisquare) = WSSR/ndf   : 0.000251685

Final set of parameters            Asymptotic Standard Error
=======================            ==========================
b0              = -8.44243e-15     +/- 1.75e-13     (2073%)
b1              = 4.9798e-08       +/- 2.584e-09    (5.19%)
b2              = -9.50898e-06     +/- 1.073e-05    (112.8%)
b3              = 0.0105839        +/- 0.01188      (112.3%)

correlation matrix of the fit parameters:
                b0     b1     b2     b3     
b0              1.000 
b1             -0.986  1.000 
b2              0.913 -0.967  1.000 
b3             -0.636  0.722 -0.850  1.000 


*******************************************************************************
Sun Apr 24 00:09:05 2022


FIT:    data read from 'salida_Ej2a_MB.dat'
        format = z
        #datapoints = 25
        residuals are weighted equally (unit weight)

function used for fitting: f(x)
	f(x) = a3*x*x*x+a0*x*x+a1*x+a2
fitted parameters initialized with current variable values

iter      chisq       delta/lim  lambda   a0            a1            a2            a3           
   0 3.1280384467e+24   0.00e+00  1.77e+11    1.000000e+00   1.000000e+00   1.000000e+00   1.000000e+00
  15 3.5067179884e-03  -1.87e-04  1.77e-04    1.766918e-08   2.945323e-06  -8.420001e-04   7.069511e-14

After 15 iterations the fit converged.
final sum of squares of residuals : 0.00350672
rel. change during last iteration : -1.86539e-09

degrees of freedom    (FIT_NDF)                        : 21
rms of residuals      (FIT_STDFIT) = sqrt(WSSR/ndf)    : 0.0129223
variance of residuals (reduced chisquare) = WSSR/ndf   : 0.000166987

Final set of parameters            Asymptotic Standard Error
=======================            ==========================
a0              = 1.76692e-08      +/- 2.105e-09    (11.91%)
a1              = 2.94532e-06      +/- 8.739e-06    (296.7%)
a2              = -0.000842        +/- 0.009679     (1150%)
a3              = 7.06951e-14      +/- 1.425e-13    (201.6%)

correlation matrix of the fit parameters:
                a0     a1     a2     a3     
a0              1.000 
a1             -0.967  1.000 
a2              0.722 -0.850  1.000 
a3             -0.986  0.913 -0.636  1.000 


*******************************************************************************
Sun Apr 24 00:09:16 2022


FIT:    data read from 'salida2b_mb.dat'
        format = z
        #datapoints = 25
        residuals are weighted equally (unit weight)

function used for fitting: g(x)
	g(x)=b0*x*x*x+b1*x*x+b2*x+b3
fitted parameters initialized with current variable values

iter      chisq       delta/lim  lambda   b0            b1            b2            b3           
   0 3.1280384467e+24   0.00e+00  1.77e+11    1.000000e+00   1.000000e+00   1.000000e+00   1.000000e+00
  15 5.2853919129e-03  -1.21e-04  1.77e-04   -8.442433e-15   4.979800e-08  -9.508985e-06   1.058392e-02

After 15 iterations the fit converged.
final sum of squares of residuals : 0.00528539
rel. change during last iteration : -1.20954e-09

degrees of freedom    (FIT_NDF)                        : 21
rms of residuals      (FIT_STDFIT) = sqrt(WSSR/ndf)    : 0.0158646
variance of residuals (reduced chisquare) = WSSR/ndf   : 0.000251685

Final set of parameters            Asymptotic Standard Error
=======================            ==========================
b0              = -8.44243e-15     +/- 1.75e-13     (2073%)
b1              = 4.9798e-08       +/- 2.584e-09    (5.19%)
b2              = -9.50898e-06     +/- 1.073e-05    (112.8%)
b3              = 0.0105839        +/- 0.01188      (112.3%)

correlation matrix of the fit parameters:
                b0     b1     b2     b3     
b0              1.000 
b1             -0.986  1.000 
b2              0.913 -0.967  1.000 
b3             -0.636  0.722 -0.850  1.000 
